<?xml version="1.0" encoding="UTF-8"?>
<testng-results ignored="0" total="1" passed="1" failed="0" skipped="0">
  <reporter-output>
  </reporter-output>
  <suite started-at="2021-04-26T23:02:21 IST" name="Default suite" finished-at="2021-04-26T23:02:32 IST" duration-ms="10290">
    <groups>
    </groups>
    <test started-at="2021-04-26T23:02:21 IST" name="Default test" finished-at="2021-04-26T23:02:32 IST" duration-ms="10290">
      <class name="Sample_Git.GitPull.Gitpull">
        <test-method signature="Git()[pri:0, instance:Sample_Git.GitPull.Gitpull@2bfc268b]" started-at="2021-04-26T23:02:21 IST" name="Git" finished-at="2021-04-26T23:02:32 IST" duration-ms="10241" status="PASS">
          <reporter-output>
          </reporter-output>
        </test-method> <!-- Git -->
      </class> <!-- Sample_Git.GitPull.Gitpull -->
    </test> <!-- Default test -->
  </suite> <!-- Default suite -->
</testng-results>
